-------------------------------------------------------------------------------
Test set: com.points.connect.PointSConnectApplicationTests
-------------------------------------------------------------------------------
Tests run: 1, Failures: 0, Errors: 1, Skipped: 0, Time elapsed: 7.01 s <<< FAILURE! - in com.points.connect.PointSConnectApplicationTests
contextLoads(com.points.connect.PointSConnectApplicationTests)  Time elapsed: 0.016 s  <<< ERROR!
java.lang.IllegalStateException: Failed to load ApplicationContext
Caused by: org.springframework.beans.factory.BeanCreationException: Error creating bean with name 'entityManagerFactory' defined in class path resource [org/springframework/boot/autoconfigure/orm/jpa/HibernateJpaConfiguration.class]: Invocation of init method failed; nested exception is org.hibernate.AnnotationException: mappedBy reference an unknown target entity property: com.points.connect.model.User.ticket in com.points.connect.model.Ticket.viewedBy
Caused by: org.hibernate.AnnotationException: mappedBy reference an unknown target entity property: com.points.connect.model.User.ticket in com.points.connect.model.Ticket.viewedBy

